2026-06-25 08:53:20,514 [INFO] 移行開始: t_クロス集計用 -> cross_aggregation
2026-06-25 08:53:20,549 [INFO] 移行完了: t_クロス集計用 Access=8 PostgreSQL=8
2026-06-25 08:53:20,549 [INFO] 移行開始: t_コントロール -> app_control
2026-06-25 08:53:20,570 [INFO] 移行完了: t_コントロール Access=1 PostgreSQL=1
2026-06-25 08:53:20,570 [INFO] 移行開始: t_備考内容 -> remarks_master
2026-06-25 08:53:20,595 [INFO] 移行完了: t_備考内容 Access=3 PostgreSQL=3
2026-06-25 08:53:20,596 [INFO] 移行開始: t_旧検査データ -> legacy_inspection_data
2026-06-25 08:53:20,873 [INFO] 移行完了: t_旧検査データ Access=7993 PostgreSQL=7993
2026-06-25 08:53:20,873 [INFO] 移行開始: t_材料納入Tmp -> material_delivery_temp
2026-06-25 08:53:20,880 [INFO] 移行完了: t_材料納入Tmp Access=0 PostgreSQL=0
2026-06-25 08:53:20,881 [INFO] 移行開始: t_材料納入履歴 -> material_delivery_history
2026-06-25 08:53:22,079 [INFO] 移行完了: t_材料納入履歴 Access=14633 PostgreSQL=14633
2026-06-25 08:53:22,079 [INFO] 移行開始: t_材料納入履歴 変更前 -> material_delivery_history_before_change
2026-06-25 08:53:22,335 [INFO] 移行完了: t_材料納入履歴 変更前 Access=2677 PostgreSQL=2677
2026-06-25 08:53:22,335 [INFO] 移行開始: t_材質 -> material_types
2026-06-25 08:53:22,363 [INFO] 移行完了: t_材質 Access=92 PostgreSQL=92
2026-06-25 08:53:22,364 [INFO] 移行開始: t_検査データ -> inspection_data
2026-06-25 08:53:22,468 [INFO] 移行完了: t_検査データ Access=1053 PostgreSQL=1053
2026-06-25 08:53:22,469 [INFO] 移行開始: t_検査員 -> inspectors
2026-06-25 08:53:22,479 [INFO] 移行完了: t_検査員 Access=6 PostgreSQL=6
2026-06-25 08:53:22,479 [INFO] 移行開始: t_納入業者 -> suppliers
2026-06-25 08:53:22,492 [INFO] 移行完了: t_納入業者 Access=21 PostgreSQL=21
