2026-06-25 09:33:34,787 [INFO] === 開始: material_category ===
2026-06-25 09:33:34,854 [INFO] material_category: テーブルを削除しました。
2026-06-25 09:33:34,870 [INFO] material_category: テーブルを作成しました。
2026-06-25 09:33:34,878 [INFO] コピー元: C:/Users/seika/Desktop/収集ファイル/製品マスター.xls
2026-06-25 09:33:34,893 [INFO] コピー先: C:\Users\seika\Desktop\cursor\access_postgres_migration\.docs\arai_masters\製品マスター_update_copy.xls
2026-06-25 09:33:36,581 [INFO] Excel 読込: 13 行 -> 投入対象 14 行
2026-06-25 09:33:36,621 [INFO] PostgreSQL: postgres@192.168.1.120:5432/arai_masters schema=public
2026-06-25 09:33:36,621 [INFO] material_category: 14 行を投入しました。
2026-06-25 09:33:36,621 [INFO] 成功: material_category
2026-06-25 09:33:36,621 [INFO] === 開始: outsource_master ===
2026-06-25 09:33:36,676 [INFO] outsource_master: テーブルを削除しました。
2026-06-25 09:33:36,687 [INFO] outsource_master: テーブルを作成しました。
2026-06-25 09:33:36,690 [INFO] コピー元: C:/Users/seika/Desktop/収集ファイル/製品マスター.xls
2026-06-25 09:33:36,694 [INFO] コピー先: C:\Users\seika\Desktop\cursor\access_postgres_migration\.docs\arai_masters\製品マスター_update_copy.xls
2026-06-25 09:33:38,237 [INFO] Excel 読込: 73 行 -> 投入対象 73 行
2026-06-25 09:33:38,303 [INFO] PostgreSQL: postgres@192.168.1.120:5432/arai_masters schema=public
2026-06-25 09:33:38,303 [INFO] outsource_master: 73 行を投入しました。
2026-06-25 09:33:38,303 [INFO] 成功: outsource_master
2026-06-25 09:33:38,303 [INFO] === 開始: machine_master ===
2026-06-25 09:33:38,344 [INFO] machine_master: テーブルを削除しました。
2026-06-25 09:33:38,360 [INFO] machine_master: テーブルを作成しました。
2026-06-25 09:33:38,361 [INFO] コピー元: C:/Users/seika/Desktop/収集ファイル/製品マスター.xls
2026-06-25 09:33:38,361 [INFO] コピー先: C:\Users\seika\Desktop\cursor\access_postgres_migration\.docs\arai_masters\製品マスター_update_copy.xls
2026-06-25 09:33:39,904 [INFO] Excel 読込: 61 行 -> 投入対象 61 行
2026-06-25 09:33:39,982 [INFO] PostgreSQL: postgres@192.168.1.120:5432/arai_masters schema=public
2026-06-25 09:33:39,982 [INFO] machine_master: 61 行を投入しました。
2026-06-25 09:33:39,982 [INFO] 成功: machine_master
2026-06-25 09:33:39,982 [INFO] === 開始: product_master ===
2026-06-25 09:33:39,982 [INFO] コピー元: C:/Users/seika/Desktop/収集ファイル/製品マスター.xls
2026-06-25 09:33:39,987 [INFO] コピー先: C:\Users\seika\Desktop\cursor\access_postgres_migration\.docs\arai_masters\製品マスター_update_copy.xls
2026-06-25 09:33:41,620 [INFO] Excel 読込: 1563 行 -> 投入対象 1562 行
2026-06-25 09:33:41,685 [INFO] product_master: テーブルを削除しました。
2026-06-25 09:33:41,688 [INFO] product_master: テーブルを作成しました。
2026-06-25 09:33:41,786 [INFO] PostgreSQL: postgres@192.168.1.120:5432/arai_masters schema=public
2026-06-25 09:33:41,786 [INFO] product_master: 1562 行を投入しました。
2026-06-25 09:33:41,786 [INFO] 成功: product_master
2026-06-25 09:33:41,786 [INFO] arai_masters 全4テーブルの更新が完了しました。
