2026-06-25 11:10:25,664 [WARNING] DROP SCHEMA "public" CASCADE を実行します: postgresql://postgres:***@192.168.1.120:5432/secondary_process_record_db
2026-06-25 11:10:26,844 [INFO] 移行開始: t_カゴマスタ -> basket_master
2026-06-25 11:10:26,862 [INFO] 移行完了: t_カゴマスタ Access=4 PostgreSQL=4
2026-06-25 11:10:26,863 [INFO] 移行開始: t_バフ記録 -> buffing_records
2026-06-25 11:10:26,896 [INFO] 移行完了: t_バフ記録 Access=530 PostgreSQL=530
2026-06-25 11:10:26,925 [INFO] シーケンス同期: buffing_records.id (max=533)
2026-06-25 11:10:26,925 [INFO] 移行開始: t_ブラスト記録 -> blasting_records
2026-06-25 11:10:27,162 [INFO] 移行完了: t_ブラスト記録 Access=4670 PostgreSQL=4670
2026-06-25 11:10:27,174 [INFO] シーケンス同期: blasting_records.id (max=4713)
2026-06-25 11:10:27,174 [INFO] 移行開始: t_作業マスタ -> work_master
2026-06-25 11:10:27,184 [INFO] 移行完了: t_作業マスタ Access=15 PostgreSQL=15
2026-06-25 11:10:27,184 [INFO] 移行開始: t_作業者マスタ -> worker_master
2026-06-25 11:10:27,198 [INFO] 移行完了: t_作業者マスタ Access=24 PostgreSQL=24
2026-06-25 11:10:27,198 [INFO] 移行開始: t_使用ピンマスタ -> pin_master
2026-06-25 11:10:27,208 [INFO] 移行完了: t_使用ピンマスタ Access=3 PostgreSQL=3
2026-06-25 11:10:27,209 [INFO] 移行開始: t_回転方向マスタ -> rotation_direction_master
2026-06-25 11:10:27,215 [INFO] 移行完了: t_回転方向マスタ Access=10 PostgreSQL=10
2026-06-25 11:10:27,215 [INFO] 移行開始: t_圧力マスタ -> pressure_master
2026-06-25 11:10:27,234 [INFO] 移行完了: t_圧力マスタ Access=2 PostgreSQL=2
2026-06-25 11:10:27,234 [INFO] 移行開始: t_機番マスタ -> machine_master
2026-06-25 11:10:27,260 [INFO] 移行完了: t_機番マスタ Access=94 PostgreSQL=94
2026-06-25 11:10:27,260 [INFO] 移行開始: t_次工程マスタ -> next_process_master
2026-06-25 11:10:27,281 [INFO] 移行完了: t_次工程マスタ Access=4 PostgreSQL=4
2026-06-25 11:10:27,281 [INFO] 移行開始: t_洗浄工程日報 -> washing_process_daily_reports
2026-06-25 11:10:27,677 [INFO] 移行完了: t_洗浄工程日報 Access=5297 PostgreSQL=5297
2026-06-25 11:10:27,710 [INFO] シーケンス同期: washing_process_daily_reports.id (max=5332)
2026-06-25 11:10:27,710 [INFO] 移行開始: t_研磨石マスタ -> polishing_stone_master
2026-06-25 11:10:27,729 [INFO] 移行完了: t_研磨石マスタ Access=17 PostgreSQL=17
2026-06-25 11:10:27,729 [INFO] 移行開始: t_磁気バレル記録 -> magnetic_barrel_records
2026-06-25 11:10:28,659 [INFO] 移行完了: t_磁気バレル記録 Access=16177 PostgreSQL=16177
2026-06-25 11:10:28,683 [INFO] シーケンス同期: magnetic_barrel_records.id (max=16293)
2026-06-25 11:10:28,683 [INFO] 移行開始: t_製品マスタ -> product_master
2026-06-25 11:10:28,792 [INFO] 移行完了: t_製品マスタ Access=4543 PostgreSQL=4543
2026-06-25 11:10:28,792 [INFO] 移行開始: t_遠心バレル記録 -> centrifugal_barrel_records
2026-06-25 11:10:29,062 [INFO] 移行完了: t_遠心バレル記録 Access=4473 PostgreSQL=4473
2026-06-25 11:10:29,108 [INFO] シーケンス同期: centrifugal_barrel_records.id (max=4505)
