2026-06-25 11:09:16,120 [WARNING] DROP SCHEMA "public" CASCADE を実行します: postgresql://postgres:***@192.168.1.120:5432/appearance_inspection_db
2026-06-25 11:09:17,041 [INFO] 移行開始: t_Excel現品票履歴 -> excel_product_slip_history
2026-06-25 11:09:18,246 [INFO] 移行完了: t_Excel現品票履歴 Access=33987 PostgreSQL=33987
2026-06-25 11:09:18,246 [INFO] 移行開始: t_チェックシートリスト -> check_sheet_list
2026-06-25 11:09:18,263 [INFO] 移行完了: t_チェックシートリスト Access=119 PostgreSQL=119
2026-06-25 11:09:18,264 [INFO] 移行開始: t_不具合情報 -> defect_information
2026-06-25 11:09:33,661 [INFO] 移行完了: t_不具合情報 Access=156396 PostgreSQL=156396
2026-06-25 11:09:33,678 [INFO] シーケンス同期: defect_information.id (max=156586)
2026-06-25 11:09:33,678 [INFO] 移行開始: t_外観検査記録 -> appearance_inspection_records
2026-06-25 11:09:36,856 [INFO] 移行完了: t_外観検査記録 Access=70654 PostgreSQL=70654
2026-06-25 11:09:36,876 [INFO] シーケンス同期: appearance_inspection_records.id (max=296501)
2026-06-25 11:09:36,876 [INFO] 移行開始: t_外観検査記録保存 -> appearance_inspection_record_archives
2026-06-25 11:09:47,047 [INFO] 移行完了: t_外観検査記録保存 Access=225171 PostgreSQL=225171
2026-06-25 11:09:47,053 [INFO] シーケンス同期: appearance_inspection_record_archives.id (max=225171)
2026-06-25 11:09:47,053 [INFO] 移行開始: t_外観検査集計 -> appearance_inspection_summaries
2026-06-25 11:09:48,794 [INFO] 移行完了: t_外観検査集計 Access=52885 PostgreSQL=52885
2026-06-25 11:09:48,804 [INFO] シーケンス同期: appearance_inspection_summaries.id (max=232518)
2026-06-25 11:09:48,804 [INFO] 移行開始: t_外観検査集計保存 -> appearance_inspection_summary_archives
2026-06-25 11:09:54,496 [INFO] 移行完了: t_外観検査集計保存 Access=171580 PostgreSQL=171580
2026-06-25 11:09:54,516 [INFO] シーケンス同期: appearance_inspection_summary_archives.id (max=171580)
2026-06-25 11:09:54,516 [INFO] 移行開始: t_工程マスタ -> process_master
2026-06-25 11:09:54,527 [INFO] 移行完了: t_工程マスタ Access=10 PostgreSQL=10
2026-06-25 11:09:54,527 [INFO] 移行開始: t_数値検査員マスタ -> numeric_inspector_master
2026-06-25 11:09:54,535 [INFO] 移行完了: t_数値検査員マスタ Access=14 PostgreSQL=14
2026-06-25 11:09:54,537 [INFO] 移行開始: t_数値検査記録 -> numeric_inspection_records
2026-06-25 11:09:55,156 [INFO] 移行完了: t_数値検査記録 Access=26660 PostgreSQL=26660
2026-06-25 11:09:55,166 [INFO] シーケンス同期: numeric_inspection_records.id (max=26776)
2026-06-25 11:09:55,166 [INFO] 移行開始: t_検査中 -> inspection_in_progress
2026-06-25 11:09:55,176 [INFO] 移行完了: t_検査中 Access=60 PostgreSQL=60
2026-06-25 11:09:55,176 [INFO] 移行開始: t_検査員マスタ -> inspector_master
2026-06-25 11:09:55,185 [INFO] 移行完了: t_検査員マスタ Access=77 PostgreSQL=77
2026-06-25 11:09:55,186 [INFO] 移行開始: t_検査者マスタ -> inspection_person_master
2026-06-25 11:09:55,192 [INFO] 移行完了: t_検査者マスタ Access=72 PostgreSQL=72
2026-06-25 11:09:55,200 [INFO] シーケンス同期: inspection_person_master.id (max=75)
