2026-06-25 11:11:14,956 [WARNING] DROP SCHEMA "public" CASCADE を実行します: postgresql://postgres:***@192.168.1.120:5432/subcon_manager
2026-06-25 11:11:16,072 [INFO] 移行開始: t_クロス集計用 (TABLE) -> cross_tab_summary
2026-06-25 11:11:16,095 [INFO] 移行完了: t_クロス集計用 Access=10 PostgreSQL=10
2026-06-25 11:11:16,114 [INFO] シーケンス同期: cross_tab_summary.id (max=31517)
2026-06-25 11:11:16,114 [INFO] 移行開始: t_コントロール (TABLE) -> app_control
2026-06-25 11:11:16,127 [INFO] 移行完了: t_コントロール Access=1 PostgreSQL=1
2026-06-25 11:11:16,138 [INFO] シーケンス同期: app_control.id (max=1)
2026-06-25 11:11:16,138 [INFO] 移行開始: t_内職マスタ (TABLE) -> home_work_master
2026-06-25 11:11:16,151 [INFO] 移行完了: t_内職マスタ Access=71 PostgreSQL=71
2026-06-25 11:11:16,164 [INFO] シーケンス同期: home_work_master.id (max=71)
2026-06-25 11:11:16,164 [INFO] 移行開始: t_客先 (TABLE) -> customers
2026-06-25 11:11:16,178 [INFO] 移行完了: t_客先 Access=94 PostgreSQL=94
2026-06-25 11:11:16,178 [INFO] 移行開始: t_手配先マスタ (TABLE) -> supplier_master
2026-06-25 11:11:16,190 [INFO] 移行完了: t_手配先マスタ Access=67 PostgreSQL=67
2026-06-25 11:11:16,190 [INFO] 移行開始: t_発注 (TABLE) -> purchase_orders
2026-06-25 11:11:17,555 [INFO] 移行完了: t_発注 Access=18758 PostgreSQL=18758
2026-06-25 11:11:17,574 [INFO] シーケンス同期: purchase_orders.purchase_order_id (max=19274)
2026-06-25 11:11:17,575 [INFO] 移行開始: t_発注 Start (TABLE) -> purchase_orders_start
2026-06-25 11:11:17,596 [INFO] 移行完了: t_発注 Start Access=116 PostgreSQL=116
2026-06-25 11:11:17,609 [INFO] シーケンス同期: purchase_orders_start.purchase_order_id (max=116)
2026-06-25 11:11:17,609 [INFO] 移行開始: t_発注書 (TABLE) -> purchase_order_forms
2026-06-25 11:11:17,626 [INFO] 移行完了: t_発注書 Access=0 PostgreSQL=0
2026-06-25 11:11:17,640 [INFO] シーケンス同期: purchase_order_forms.id (max=0)
2026-06-25 11:11:17,641 [INFO] 移行開始: t_発注書データ (TABLE) -> purchase_order_form_data
2026-06-25 11:11:17,647 [INFO] 移行完了: t_発注書データ Access=0 PostgreSQL=0
2026-06-25 11:11:17,659 [INFO] シーケンス同期: purchase_order_form_data.id (max=0)
2026-06-25 11:11:17,659 [INFO] 移行開始: t_納入 (TABLE) -> deliveries
2026-06-25 11:11:19,272 [INFO] 移行完了: t_納入 Access=24130 PostgreSQL=24130
2026-06-25 11:11:19,273 [INFO] シーケンス同期: deliveries.delivery_id (max=24365)
2026-06-25 11:11:19,273 [INFO] 移行開始: t_納入 Start (TABLE) -> deliveries_start
2026-06-25 11:11:19,540 [INFO] 移行完了: t_納入 Start Access=3298 PostgreSQL=3298
2026-06-25 11:11:19,557 [INFO] シーケンス同期: deliveries_start.delivery_id (max=3299)
2026-06-25 11:11:19,557 [INFO] 移行開始: t_製品マスタ (TABLE) -> product_master
2026-06-25 11:11:19,614 [INFO] 移行完了: t_製品マスタ Access=1520 PostgreSQL=1520
